<?xml version="1.0" encoding="utf-8"?>
<!DOCTYPE hibernate-configuration PUBLIC
	"-//Hibernate/Hibernate Configuration DTD 3.0//EN"
	"http://hibernate.sourceforge.net/hibernate-configuration-3.0.dtd">

<hibernate-configuration>
	<session-factory>
		<mapping resource="HrStaff.hbm.xml" />
        <mapping resource="HrAssignment.hbm.xml"/>
		<mapping resource="HrPostHistory.hbm.xml"/>
		<mapping resource="HrPost.hbm.xml"/>
		<mapping resource="HrLeave.hbm.xml"/>
        <mapping resource="HrIscoCodes.hbm.xml"/>
		<mapping resource="HrJobTitle.hbm.xml" />
		<mapping resource="HrProvider.hbm.xml" />
		<mapping resource="HrCertificate.hbm.xml" />
		<mapping resource="HrCompetency.hbm.xml" />
		<mapping resource="HrEducation.hbm.xml"/>
		<mapping resource="HrEvaluation.hbm.xml"/>
		<mapping resource="HrStaffAttribute.hbm.xml"/>
		<mapping resource="HrStaffAttributeType.hbm.xml"/>
		<mapping resource="HrStaffCert.hbm.xml"/>
		<mapping resource="HrStaffNote.hbm.xml" />
		<mapping resource="HrTraining.hbm.xml"/>
		<mapping resource="HrTrainingClass.hbm.xml"/>
		<mapping resource="HrTrainPerson.hbm.xml"/>
		<mapping resource="HrStaffTag.hbm.xml"/>
		<mapping resource="HrReport.hbm.xml"/>
	</session-factory>
</hibernate-configuration>
